-----------------------------------------------------------------------------------------------------------------------------------------------------
      name:  <unnamed>
       log:  D:\Papers\Health and Waiver\Log Output\SECTION 6 - Poission Distributions_Weighted.log
  log type:  text
 opened on:  26 May 2025, 17:05:37

. 
.         // teffects does not support estimation of an outcome using an alternative
.         // distribution. weights are estimated and then applied manually.
. 
. use "D:\Papers\Health and Waiver\Data\PtDImputed.dta", clear
(Research on Pathways to Desistance [Maricopa County, AZ and Philadelphia County,)

.         // cleaned and imputed data
. 
. **WEIGHT ESTIMATION
. quietly: teffects ipwra (HEALTH_avg) (TRANSFER $cov), ate control(1)

.                 // ipwra allows double robust estimation (Wooldredge)
.                 // estimated without doubly-robust covariate re-introduction
.                 // average treatment effect (ate) estimand
.                 // estimated quietly, estimate is not final, match assessment needed
.                 // match reference category: exposure to juvenile facilities only (==1)
.                 predict ps // values for propensity scores
(option te assumed; treatment effect)

.                 gen iptweight = . // empty variable
(1,354 missing values generated)

.                         replace iptweight = (1 / (ps)) if TRANSFER == 1
(222 real changes made)

.                                 // comparison group weights
.                         replace iptweight = (1 / (1-ps)) if TRANSFER == 0 | TRANSFER == 2
(1,020 real changes made)

.                                 // treatment groups
. 
. **POISSION DISTRIBUTION ESTIMATES - WEIGHTED, IMPUTED VALUES
. mi svyset [pweight=iptweight]

Sampling weights: iptweight
             VCE: linearized
     Single unit: missing
        Strata 1: <one>
 Sampling unit 1: <observations>
           FPC 1: <zero>

. 
. mi estimate: svy: poisson HEALTH_avg ib1.TRANSFER

Multiple-imputation estimates                   Imputations       =         25
Survey: Poisson regression                      Number of obs     =      1,170

Number of strata  =         1                   Population size   = 6,463.8796
Number of PSUs    =     1,170
                                                Average RVI       =     0.0000
                                                Largest FMI       =     0.0000
                                                Complete DF       =       1169
DF adjustment:   Small sample                   DF:     min       =   1,167.01
                                                        avg       =   1,167.01
                                                        max       =   1,167.01
Model F test:       Equal FMI                   F(   2, 1167.0)   =       3.13
Within VCE type:   Linearized                   Prob > F          =     0.0440

------------------------------------------------------------------------------
  HEALTH_avg | Coefficient  Std. err.      t    P>|t|     [95% conf. interval]
-------------+----------------------------------------------------------------
    TRANSFER |
          0  |    .010928   .0127344     0.86   0.391     -.014057    .0359129
          2  |    .035234   .0150841     2.34   0.020      .005639     .064829
             |
       _cons |   1.142323   .0112375   101.65   0.000     1.120275    1.164371
------------------------------------------------------------------------------

. mi estimate: svy: poisson HEALTH_avg ib1.TRANSFER $cov

Multiple-imputation estimates                   Imputations       =         25
Survey: Poisson regression                      Number of obs     =      1,170

Number of strata  =         1                   Population size   = 6,463.8796
Number of PSUs    =     1,170
                                                Average RVI       =     0.0036
                                                Largest FMI       =     0.0386
                                                Complete DF       =       1169
DF adjustment:   Small sample                   DF:     min       =   1,049.90
                                                        avg       =   1,159.39
                                                        max       =   1,166.80
Model F test:       Equal FMI                   F(  35, 1167.0)   =       2.15
Within VCE type:   Linearized                   Prob > F          =     0.0001

---------------------------------------------------------------------------------
     HEALTH_avg | Coefficient  Std. err.      t    P>|t|     [95% conf. interval]
----------------+----------------------------------------------------------------
       TRANSFER |
             0  |   .0181352   .0153634     1.18   0.238    -.0120078    .0482781
             2  |    .033198    .016413     2.02   0.043     .0009957    .0654004
                |
          SSITE |   .0591268   .0264876     2.23   0.026      .007158    .1110955
           SAGE |  -.0068079   .0110265    -0.62   0.537    -.0284419    .0148261
         SSGEND |    .096248   .0349708     2.75   0.006     .0276354    .1648607
                |
        SETHN_R |
      2. Black  |    .008233   .0286146     0.29   0.774     -.047909    .0643749
   3. Hispanic  |  -.0133881   .0241059    -0.56   0.579    -.0606842    .0339079
      4. Other  |  -.0966746   .0573479    -1.69   0.092    -.2091913     .015842
                |
        SPAEDUC |   .0027118    .010286     0.26   0.792    -.0174697    .0228933
        SREL198 |   .0109887   .0229652     0.48   0.632    -.0340691    .0560464
AGE_1_PRI_B4_BL |   .0022667   .0064951     0.35   0.727    -.0104767    .0150101
        SSROPRV |   .0340087   .0729002     0.47   0.641    -.1090218    .1770392
        SEXPVIC |  -.0096066   .0081109    -1.18   0.236    -.0255201    .0063069
        SHEADIN |   .0290853   .0198331     1.47   0.143    -.0098273    .0679979
        SREL149 |   .0243588   .0202716     1.20   0.230     -.015414    .0641316
         SDEM33 |  -.0047196   .0195565    -0.24   0.809    -.0430895    .0336503
         SDEM42 |  -.0090142   .0231725    -0.39   0.697    -.0544787    .0364503
        SCADPRE |  -.0020321   .0045736    -0.44   0.657    -.0110055    .0069413
         SDEM49 |  -.0360639   .0199089    -1.81   0.070    -.0751251    .0029973
          SROUT |   .0197127   .0118758     1.66   0.097    -.0035876    .0430129
        SPRINFL |   .0021552   .0123014     0.18   0.861    -.0219801    .0262905
        SSOCAP2 |   .0406826   .0189795     2.14   0.032     .0034447    .0779205
        SNEISOC |  -.0048877   .0146263    -0.33   0.738    -.0335845    .0238091
        SMORDIS |   .0079856   .0260756     0.31   0.759    -.0431748    .0591461
        SMOTSUC |    .011386   .0177898     0.64   0.522    -.0235176    .0462896
        SSUPAGG |  -.0125819   .0116072    -1.08   0.279    -.0353553    .0101914
        SAGGOFF |  -.0079772   .0264269    -0.30   0.763    -.0598267    .0438723
       SNEARPRO |  -.0136197   .0090022    -1.51   0.131     -.031282    .0040425
        SINCOFF |  -.0006172   .0219537    -0.03   0.978    -.0436903    .0424559
       SDRUGOFF |  -.0074547   .0214941    -0.35   0.729    -.0496273    .0347179
        SIMPULS |   .0333507    .012349     2.70   0.007     .0091219    .0575795
        SFUTURE |   .0243736   .0182484     1.34   0.182    -.0114321    .0601793
        SMEDSEV |   .0092471   .0218974     0.42   0.673    -.0337204    .0522147
        SCONSID |   -.012827   .0098364    -1.30   0.192     -.032126     .006472
        SSOCCST |  -.0165371      .0114    -1.45   0.147    -.0389039    .0058297
          _cons |   .8960678   .2002867     4.47   0.000     .5031051    1.289031
---------------------------------------------------------------------------------

. 
. mi estimate: svy: poisson DEP_avg ib1.TRANSFER

Multiple-imputation estimates                   Imputations       =         25
Survey: Poisson regression                      Number of obs     =      1,171

Number of strata  =         1                   Population size   = 6,489.6684
Number of PSUs    =     1,171
                                                Average RVI       =     0.0000
                                                Largest FMI       =     0.0000
                                                Complete DF       =       1170
DF adjustment:   Small sample                   DF:     min       =   1,168.01
                                                        avg       =   1,168.01
                                                        max       =   1,168.01
Model F test:       Equal FMI                   F(   2, 1168.0)   =       4.89
Within VCE type:   Linearized                   Prob > F          =     0.0076

------------------------------------------------------------------------------
     DEP_avg | Coefficient  Std. err.      t    P>|t|     [95% conf. interval]
-------------+----------------------------------------------------------------
    TRANSFER |
          0  |  -.2652924   .0982689    -2.70   0.007    -.4580956   -.0724891
          2  |  -.0848316   .1134364    -0.75   0.455    -.3073935    .1377303
             |
       _cons |  -.8374089   .0881417    -9.50   0.000    -1.010343   -.6644752
------------------------------------------------------------------------------

. mi estimate: svy: poisson DEP_avg ib1.TRANSFER $cov

Multiple-imputation estimates                   Imputations       =         25
Survey: Poisson regression                      Number of obs     =      1,171

Number of strata  =         1                   Population size   = 6,489.6684
Number of PSUs    =     1,171
                                                Average RVI       =     0.0085
                                                Largest FMI       =     0.0624
                                                Complete DF       =       1170
DF adjustment:   Small sample                   DF:     min       =     932.11
                                                        avg       =   1,151.08
                                                        max       =   1,167.58
Model F test:       Equal FMI                   F(  35, 1167.9)   =       3.35
Within VCE type:   Linearized                   Prob > F          =     0.0000

---------------------------------------------------------------------------------
        DEP_avg | Coefficient  Std. err.      t    P>|t|     [95% conf. interval]
----------------+----------------------------------------------------------------
       TRANSFER |
             0  |  -.2716027    .106714    -2.55   0.011     -.480976   -.0622294
             2  |  -.0991039   .1284596    -0.77   0.441    -.3511418    .1529339
                |
          SSITE |  -.2754826   .1950225    -1.41   0.158    -.6581174    .1071521
           SAGE |   .0197025   .0794186     0.25   0.804    -.1361181    .1755231
         SSGEND |  -.0984118   .1805864    -0.54   0.586    -.4527227    .2558991
                |
        SETHN_R |
      2. Black  |  -.1406504   .2268718    -0.62   0.535    -.5857733    .3044725
   3. Hispanic  |  -.0432978    .199471    -0.22   0.828    -.4346612    .3480657
      4. Other  |   .3883172    .239908     1.62   0.106    -.0823903    .8590246
                |
        SPAEDUC |  -.0532251   .0834706    -0.64   0.524    -.2169973    .1105472
        SREL198 |  -.0727838   .1738548    -0.42   0.676     -.413887    .2683195
AGE_1_PRI_B4_BL |   .1459195   .0420814     3.47   0.001     .0633555    .2284835
        SSROPRV |   1.078187   .5057532     2.13   0.033     .0858938     2.07048
        SEXPVIC |  -.0189759    .060779    -0.31   0.755    -.1382242    .1002724
        SHEADIN |   .0860404   .1369943     0.63   0.530    -.1827424    .3548232
        SREL149 |  -.1886092   .1467441    -1.29   0.199    -.4765214     .099303
         SDEM33 |   .1387461   .1530532     0.91   0.365    -.1615442    .4390363
         SDEM42 |  -.1831316   .1744238    -1.05   0.294    -.5253519    .1590886
        SCADPRE |  -.0352007   .0340611    -1.03   0.302    -.1020289    .0316276
         SDEM49 |   .1046171   .1596377     0.66   0.512    -.2085922    .4178264
          SROUT |  -.1336756   .0960047    -1.39   0.164    -.3220366    .0546854
        SPRINFL |  -.0593567   .0902544    -0.66   0.511    -.2364361    .1177227
        SSOCAP2 |  -.3670606   .1430317    -2.57   0.010    -.6476887   -.0864325
        SNEISOC |   .2640966   .0894144     2.95   0.003     .0886655    .4395277
        SMORDIS |   .3893569   .1833714     2.12   0.034     .0295821    .7491317
        SMOTSUC |    -.06078    .127319    -0.48   0.633    -.3105796    .1890195
        SSUPAGG |   .1551222   .0956591     1.62   0.105    -.0325606    .3428051
        SAGGOFF |   .1369627   .2557436     0.54   0.592    -.3648057     .638731
       SNEARPRO |   .0574152   .0680833     0.84   0.399    -.0761645    .1909949
        SINCOFF |   .0069461   .1853399     0.04   0.970    -.3566922    .3705843
       SDRUGOFF |  -.1733931   .1758864    -0.99   0.324    -.5185068    .1717206
        SIMPULS |  -.1202464   .0846897    -1.42   0.156    -.2864083    .0459155
        SFUTURE |   .1138136   .1371358     0.83   0.407     -.155289    .3829161
        SMEDSEV |   .3039361   .1828761     1.66   0.097    -.0549606    .6628327
        SCONSID |   .1192217   .0867243     1.37   0.169     -.050932    .2893753
        SSOCCST |   .1659124   .0922521     1.80   0.072    -.0150863    .3469112
          _cons |  -3.932942   1.507579    -2.61   0.009    -6.890812   -.9750722
---------------------------------------------------------------------------------

. 
. mi estimate: svy: poisson ANX_avg ib1.TRANSFER

Multiple-imputation estimates                   Imputations       =         25
Survey: Poisson regression                      Number of obs     =      1,171

Number of strata  =         1                   Population size   = 6,489.6684
Number of PSUs    =     1,171
                                                Average RVI       =     0.0000
                                                Largest FMI       =     0.0000
                                                Complete DF       =       1170
DF adjustment:   Small sample                   DF:     min       =   1,168.01
                                                        avg       =   1,168.01
                                                        max       =   1,168.01
Model F test:       Equal FMI                   F(   2, 1168.0)   =       5.67
Within VCE type:   Linearized                   Prob > F          =     0.0035

------------------------------------------------------------------------------
     ANX_avg | Coefficient  Std. err.      t    P>|t|     [95% conf. interval]
-------------+----------------------------------------------------------------
    TRANSFER |
          0  |  -.3228558   .0960407    -3.36   0.001    -.5112874   -.1344243
          2  |   -.275048   .1230745    -2.23   0.026    -.5165198   -.0335761
             |
       _cons |  -.9673892   .0852323   -11.35   0.000    -1.134615   -.8001636
------------------------------------------------------------------------------

. mi estimate: svy: poisson ANX_avg ib1.TRANSFER $cov

Multiple-imputation estimates                   Imputations       =         25
Survey: Poisson regression                      Number of obs     =      1,171

Number of strata  =         1                   Population size   = 6,489.6684
Number of PSUs    =     1,171
                                                Average RVI       =     0.0075
                                                Largest FMI       =     0.0310
                                                Complete DF       =       1170
DF adjustment:   Small sample                   DF:     min       =   1,083.20
                                                        avg       =   1,158.99
                                                        max       =   1,167.34
Model F test:       Equal FMI                   F(  35, 1167.9)   =       3.28
Within VCE type:   Linearized                   Prob > F          =     0.0000

---------------------------------------------------------------------------------
        ANX_avg | Coefficient  Std. err.      t    P>|t|     [95% conf. interval]
----------------+----------------------------------------------------------------
       TRANSFER |
             0  |  -.3819664   .1171516    -3.26   0.001    -.6118184   -.1521144
             2  |  -.3247033   .1397284    -2.32   0.020    -.5988503   -.0505562
                |
          SSITE |  -.0284712   .2087055    -0.14   0.892     -.437952    .3810095
           SAGE |   .0544511   .0801633     0.68   0.497    -.1028299    .2117321
         SSGEND |  -.1015706   .2250654    -0.45   0.652    -.5431509    .3400097
                |
        SETHN_R |
      2. Black  |  -.1402602   .2378212    -0.59   0.555    -.6068663    .3263459
   3. Hispanic  |  -.1939027   .2047682    -0.95   0.344    -.5956589    .2078534
      4. Other  |   .3371812   .2845834     1.18   0.236    -.2211842    .8955466
                |
        SPAEDUC |  -.0076955   .0789247    -0.10   0.922    -.1625491     .147158
        SREL198 |  -.1600155   .1727664    -0.93   0.355    -.4989835    .1789524
AGE_1_PRI_B4_BL |   .1310015   .0433542     3.02   0.003     .0459405    .2160625
        SSROPRV |   .6448385   .5156989     1.25   0.211    -.3669656    1.656642
        SEXPVIC |  -.0250896   .0528814    -0.47   0.635     -.128843    .0786639
        SHEADIN |   .1108478   .1451809     0.76   0.445    -.1739974     .395693
        SREL149 |  -.1395862   .1458525    -0.96   0.339     -.425749    .1465767
         SDEM33 |   .1112168   .1489277     0.75   0.455    -.1809795    .4034131
         SDEM42 |  -.0915467   .1757403    -0.52   0.603    -.4363496    .2532563
        SCADPRE |  -.0160701   .0372327    -0.43   0.666    -.0891208    .0569805
         SDEM49 |  -.0039286   .1642863    -0.02   0.981    -.3262582    .3184011
          SROUT |  -.1198173   .1192005    -1.01   0.315    -.3536885    .1140539
        SPRINFL |   .0051003   .0875601     0.06   0.954    -.1666929    .1768935
        SSOCAP2 |  -.2554934   .1470393    -1.74   0.083    -.5439846    .0329978
        SNEISOC |   .2547575   .0934283     2.73   0.006     .0714508    .4380643
        SMORDIS |    .330106   .1908167     1.73   0.084    -.0442767    .7044886
        SMOTSUC |   .0892439   .1433499     0.62   0.534    -.1920083    .3704961
        SSUPAGG |   .1230679   .1017217     1.21   0.227    -.0765098    .3226456
        SAGGOFF |   .1618756    .220153     0.74   0.462    -.2700644    .5938156
       SNEARPRO |   .0324752   .0659192     0.49   0.622    -.0968584    .1618088
        SINCOFF |   .1838653   .1826744     1.01   0.314    -.1745424     .542273
       SDRUGOFF |  -.3423715   .1724674    -1.99   0.047    -.6807574   -.0039857
        SIMPULS |  -.1682429   .0937509    -1.79   0.073    -.3521825    .0156966
        SFUTURE |     .05638   .1363768     0.41   0.679    -.2112126    .3239725
        SMEDSEV |   .2730404    .210001     1.30   0.194    -.1390104    .6850911
        SCONSID |   .2238841   .0828667     2.70   0.007     .0612992     .386469
        SSOCCST |   .0157685   .0823481     0.19   0.848    -.1457986    .1773356
          _cons |  -4.951229   1.541085    -3.21   0.001    -7.974842   -1.927616
---------------------------------------------------------------------------------

. 
.         *Transformed values
.         mi estimate: svy: poisson sqrt_DEP_avg ib1.TRANSFER

Multiple-imputation estimates                   Imputations       =         25
Survey: Poisson regression                      Number of obs     =      1,171

Number of strata  =         1                   Population size   = 6,489.6684
Number of PSUs    =     1,171
                                                Average RVI       =     0.0000
                                                Largest FMI       =     0.0000
                                                Complete DF       =       1170
DF adjustment:   Small sample                   DF:     min       =   1,168.01
                                                        avg       =   1,168.01
                                                        max       =   1,168.01
Model F test:       Equal FMI                   F(   2, 1168.0)   =       3.77
Within VCE type:   Linearized                   Prob > F          =     0.0233

------------------------------------------------------------------------------
sqrt_DEP_avg | Coefficient  Std. err.      t    P>|t|     [95% conf. interval]
-------------+----------------------------------------------------------------
    TRANSFER |
          0  |  -.1055071   .0608285    -1.73   0.083    -.2248524    .0138382
          2  |   .0241221   .0706447     0.34   0.733    -.1144826    .1627267
             |
       _cons |  -.6635151   .0544817   -12.18   0.000     -.770408   -.5566222
------------------------------------------------------------------------------

.         mi estimate: svy: poisson sqrt_DEP_avg ib1.TRANSFER $cov

Multiple-imputation estimates                   Imputations       =         25
Survey: Poisson regression                      Number of obs     =      1,171

Number of strata  =         1                   Population size   = 6,489.6684
Number of PSUs    =     1,171
                                                Average RVI       =     0.0048
                                                Largest FMI       =     0.0505
                                                Complete DF       =       1170
DF adjustment:   Small sample                   DF:     min       =     993.42
                                                        avg       =   1,156.99
                                                        max       =   1,167.78
Model F test:       Equal FMI                   F(  35, 1167.9)   =       3.66
Within VCE type:   Linearized                   Prob > F          =     0.0000

---------------------------------------------------------------------------------
   sqrt_DEP_avg | Coefficient  Std. err.      t    P>|t|     [95% conf. interval]
----------------+----------------------------------------------------------------
       TRANSFER |
             0  |  -.1109573   .0667024    -1.66   0.096    -.2418276    .0199131
             2  |   .0273339   .0777251     0.35   0.725    -.1251627    .1798305
                |
          SSITE |  -.1350851   .1190339    -1.13   0.257    -.3686297    .0984595
           SAGE |   .0723661   .0502327     1.44   0.150    -.0261909     .170923
         SSGEND |  -.0962727   .1188263    -0.81   0.418    -.3294097    .1368644
                |
        SETHN_R |
      2. Black  |  -.0228899   .1394918    -0.16   0.870    -.2965726    .2507929
   3. Hispanic  |    .034822   .1253482     0.28   0.781    -.2111116    .2807555
      4. Other  |    .338013   .1392012     2.43   0.015     .0648988    .6111271
                |
        SPAEDUC |  -.0342623   .0523356    -0.65   0.513    -.1369461    .0684215
        SREL198 |  -.0803437   .1021169    -0.79   0.432     -.280697    .1200097
AGE_1_PRI_B4_BL |   .0774069   .0251109     3.08   0.002     .0281393    .1266745
        SSROPRV |   .7888891   .3087338     2.56   0.011     .1831521    1.394626
        SEXPVIC |  -.0039439   .0384935    -0.10   0.918    -.0794682    .0715804
        SHEADIN |   .0745423   .0868889     0.86   0.391    -.0959338    .2450183
        SREL149 |  -.1051113   .0930927    -1.13   0.259    -.2877591    .0775364
         SDEM33 |   .0753489   .0936558     0.80   0.421    -.1084037    .2591014
         SDEM42 |  -.1020755   .1077068    -0.95   0.343    -.3133963    .1092453
        SCADPRE |  -.0323103   .0203704    -1.59   0.113     -.072277    .0076564
         SDEM49 |   .0382055   .0968367     0.39   0.693     -.151788     .228199
          SROUT |   -.095175   .0613653    -1.55   0.121    -.2155736    .0252237
        SPRINFL |   .0027463   .0536316     0.05   0.959     -.102479    .1079717
        SSOCAP2 |   -.133074   .0841187    -1.58   0.114    -.2981149    .0319669
        SNEISOC |   .1617876   .0611018     2.65   0.008      .041906    .2816692
        SMORDIS |   .1883884   .1190516     1.58   0.114    -.0451909    .4219676
        SMOTSUC |  -.0069764   .0760471    -0.09   0.927    -.1561808    .1422279
        SSUPAGG |   .0872486   .0631601     1.38   0.167    -.0366713    .2111686
        SAGGOFF |   .1055812   .1500452     0.70   0.482    -.1888071    .3999695
       SNEARPRO |   .0540791   .0404286     1.34   0.181    -.0252419       .1334
        SINCOFF |   .0030009   .1171379     0.03   0.980    -.2268237    .2328255
       SDRUGOFF |  -.0270642   .1062489    -0.25   0.799    -.2355293     .181401
        SIMPULS |  -.0353516   .0567364    -0.62   0.533    -.1466686    .0759654
        SFUTURE |   .0221583   .0862998     0.26   0.797    -.1471811    .1914977
        SMEDSEV |   .1820742   .1096234     1.66   0.097    -.0330457    .3971942
        SCONSID |   .0729917   .0543812     1.34   0.180    -.0337043    .1796877
        SSOCCST |   .0844812    .059537     1.42   0.156    -.0323303    .2012928
          _cons |  -3.554399   .9686348    -3.67   0.000    -5.454859   -1.653938
---------------------------------------------------------------------------------

. 
.         mi estimate: svy: poisson sqrt_ANX_avg ib1.TRANSFER

Multiple-imputation estimates                   Imputations       =         25
Survey: Poisson regression                      Number of obs     =      1,171

Number of strata  =         1                   Population size   = 6,489.6684
Number of PSUs    =     1,171
                                                Average RVI       =     0.0000
                                                Largest FMI       =     0.0000
                                                Complete DF       =       1170
DF adjustment:   Small sample                   DF:     min       =   1,168.01
                                                        avg       =   1,168.01
                                                        max       =   1,168.01
Model F test:       Equal FMI                   F(   2, 1168.0)   =       4.26
Within VCE type:   Linearized                   Prob > F          =     0.0143

------------------------------------------------------------------------------
sqrt_ANX_avg | Coefficient  Std. err.      t    P>|t|     [95% conf. interval]
-------------+----------------------------------------------------------------
    TRANSFER |
          0  |  -.1607794   .0552265    -2.91   0.004    -.2691336   -.0524252
          2  |  -.1376249   .0690059    -1.99   0.046    -.2730142   -.0022356
             |
       _cons |  -.6882089   .0487297   -14.12   0.000    -.7838165   -.5926013
------------------------------------------------------------------------------

.         mi estimate: svy: poisson sqrt_ANX_avg ib1.TRANSFER $cov

Multiple-imputation estimates                   Imputations       =         25
Survey: Poisson regression                      Number of obs     =      1,171

Number of strata  =         1                   Population size   = 6,489.6684
Number of PSUs    =     1,171
                                                Average RVI       =     0.0059
                                                Largest FMI       =     0.0328
                                                Complete DF       =       1170
DF adjustment:   Small sample                   DF:     min       =   1,076.06
                                                        avg       =   1,158.34
                                                        max       =   1,167.54
Model F test:       Equal FMI                   F(  35, 1167.9)   =       2.96
Within VCE type:   Linearized                   Prob > F          =     0.0000

---------------------------------------------------------------------------------
   sqrt_ANX_avg | Coefficient  Std. err.      t    P>|t|     [95% conf. interval]
----------------+----------------------------------------------------------------
       TRANSFER |
             0  |  -.1829412   .0655178    -2.79   0.005    -.3114874    -.054395
             2  |  -.1561543   .0771342    -2.02   0.043    -.3074915    -.004817
                |
          SSITE |   .0184051   .1176745     0.16   0.876    -.2124725    .2492826
           SAGE |   .0847429   .0457303     1.85   0.064    -.0049803     .174466
         SSGEND |  -.1180833   .1170264    -1.01   0.313    -.3476896    .1115229
                |
        SETHN_R |
      2. Black  |  -.0629182   .1334251    -0.47   0.637    -.3246982    .1988618
   3. Hispanic  |  -.0386428   .1165182    -0.33   0.740    -.2672524    .1899667
      4. Other  |   .2451798   .1691555     1.45   0.147    -.0867076    .5770673
                |
        SPAEDUC |  -.0301667   .0449817    -0.67   0.503    -.1184251    .0580917
        SREL198 |  -.0972164   .0961228    -1.01   0.312    -.2858092    .0913764
AGE_1_PRI_B4_BL |   .0571062   .0241502     2.36   0.018     .0097234     .104489
        SSROPRV |   .2538545   .3211317     0.79   0.429    -.3762078    .8839168
        SEXPVIC |  -.0118914   .0334869    -0.36   0.723    -.0775927    .0538099
        SHEADIN |   .0971604    .082168     1.18   0.237    -.0640534    .2583741
        SREL149 |  -.0630645    .084115    -0.75   0.454     -.228098    .1019691
         SDEM33 |   .1060401   .0859709     1.23   0.218    -.0626349    .2747151
         SDEM42 |  -.0566898   .0986096    -0.57   0.565    -.2501619    .1367822
        SCADPRE |   .0000405   .0244278     0.00   0.999     -.047887    .0479679
         SDEM49 |  -.0316321   .0913831    -0.35   0.729    -.2109257    .1476614
          SROUT |   -.058077   .0635152    -0.91   0.361    -.1826937    .0665396
        SPRINFL |   .0134306   .0563648     0.24   0.812     -.097157    .1240183
        SSOCAP2 |  -.0941356   .0824958    -1.14   0.254    -.2559924    .0677212
        SNEISOC |   .1394474   .0579563     2.41   0.016     .0257372    .2531576
        SMORDIS |   .1948846   .1245327     1.56   0.118    -.0494488    .4392179
        SMOTSUC |   .0816846   .0784796     1.04   0.298    -.0722923    .2356615
        SSUPAGG |   .0392408   .0568029     0.69   0.490    -.0722063    .1506879
        SAGGOFF |   .0644099   .1192873     0.54   0.589    -.1696315    .2984514
       SNEARPRO |   .0219976   .0380859     0.58   0.564    -.0527269    .0967222
        SINCOFF |   .1451448   .1061405     1.37   0.172    -.0631029    .3533925
       SDRUGOFF |   -.177711    .093911    -1.89   0.059    -.3619694    .0065474
        SIMPULS |   -.082152   .0537094    -1.53   0.126      -.18753    .0232261
        SFUTURE |   -.011991   .0804916    -0.15   0.882    -.1699275    .1459455
        SMEDSEV |   .1565839   .1074669     1.46   0.145    -.0542846    .3674523
        SCONSID |   .1167484   .0467125     2.50   0.013     .0250981    .2083986
        SSOCCST |   .0071842   .0482965     0.15   0.882    -.0875735    .1019418
          _cons |  -3.560318   .9169433    -3.88   0.000    -5.359362   -1.761274
---------------------------------------------------------------------------------

. 
. log close 
      name:  <unnamed>
       log:  D:\Papers\Health and Waiver\Log Output\SECTION 6 - Poission Distributions_Weighted.log
  log type:  text
 closed on:  26 May 2025, 17:06:13
-----------------------------------------------------------------------------------------------------------------------------------------------------
