-----------------------------------------------------------------------------------------------------------------------------------------------------
      name:  <unnamed>
       log:  D:\Papers\Health and Waiver\Log Output\SECTION 7 - Poission Distributions_Unweighted.log
  log type:  text
 opened on:  26 May 2025, 17:06:13

. 
.         // teffects does not support estimation of an outcome using an alternative
.         // distribution. weights are estimated and then applied manually.
. 
. use "D:\Papers\Health and Waiver\Data\Cleaned\pre-imputation.dta", clear
(Research on Pathways to Desistance [Maricopa County, AZ and Philadelphia County,)

.         // cleaned data without imputation
. 
. **WEIGHT ESTIMATION
. quietly: teffects ipwra (HEALTH_avg) (TRANSFER $cov), ate control(1)

.                 // ipwra allows double robust estimation (Wooldredge)
.                 // estimated without doubly-robust covariate re-introduction
.                 // average treatment effect (ate) estimand
.                 // estimated quietly, estimate is not final, match assessment needed
.                 // match reference category: exposure to juvenile facilities only (==1)
.                 predict ps // values for propensity scores
(option te assumed; treatment effect)

.                 gen iptweight = . // empty variable
(1,354 missing values generated)

.                         replace iptweight = (1 / (ps)) if TRANSFER == 1
(222 real changes made)

.                                 // comparison group weights
.                         replace iptweight = (1 / (1-ps)) if TRANSFER == 0 | TRANSFER == 2
(1,020 real changes made)

.                                 // treatment groups
.                                 
. **POISSION DISTRIBUTION ESTIMATES - WEIGHTED, NO IMPUTATION
. svyset [pweight=iptweight]

Sampling weights: iptweight
             VCE: linearized
     Single unit: missing
        Strata 1: <one>
 Sampling unit 1: <observations>
           FPC 1: <zero>

. 
. svy: poisson HEALTH_avg ib1.TRANSFER
(running poisson on estimation sample)

Survey: Poisson regression

Number of strata =     1                          Number of obs   =      1,170
Number of PSUs   = 1,170                          Population size = 6,463.8796
                                                  Design df       =      1,169
                                                  F(2, 1168)      =       3.13
                                                  Prob > F        =     0.0441

------------------------------------------------------------------------------
             |             Linearized
  HEALTH_avg | Coefficient  std. err.      t    P>|t|     [95% conf. interval]
-------------+----------------------------------------------------------------
    TRANSFER |
          0  |    .010928   .0127344     0.86   0.391     -.014057    .0359129
          2  |    .035234   .0150841     2.34   0.020      .005639    .0648289
             |
       _cons |   1.142323   .0112375   101.65   0.000     1.120275    1.164371
------------------------------------------------------------------------------

. svy: poisson HEALTH_avg ib1.TRANSFER $cov
(running poisson on estimation sample)

Survey: Poisson regression

Number of strata =     1                          Number of obs   =      1,101
Number of PSUs   = 1,101                          Population size = 6,095.1141
                                                  Design df       =      1,100
                                                  F(35, 1066)     =       1.71
                                                  Prob > F        =     0.0067

---------------------------------------------------------------------------------
                |             Linearized
     HEALTH_avg | Coefficient  std. err.      t    P>|t|     [95% conf. interval]
----------------+----------------------------------------------------------------
       TRANSFER |
             0  |   .0173153   .0163854     1.06   0.291    -.0148349    .0494655
             2  |   .0320758    .017353     1.85   0.065    -.0019729    .0661245
                |
          SSITE |   .0648776   .0272558     2.38   0.017     .0113984    .1183567
           SAGE |  -.0022278     .01131    -0.20   0.844    -.0244193    .0199637
         SSGEND |   .0966721   .0369217     2.62   0.009     .0242271     .169117
                |
        SETHN_R |
      2. Black  |   .0188049   .0286084     0.66   0.511    -.0373283    .0749381
   3. Hispanic  |   .0011052      .0244     0.05   0.964    -.0467706    .0489811
      4. Other  |  -.0591815   .0660828    -0.90   0.371    -.1888441    .0704812
                |
        SPAEDUC |   .0000195   .0104797     0.00   0.999     -.020543     .020582
        SREL198 |   .0240482   .0232787     1.03   0.302    -.0216275    .0697238
AGE_1_PRI_B4_BL |  -.0000348   .0064643    -0.01   0.996    -.0127185     .012649
        SSROPRV |    .018925   .0786749     0.24   0.810    -.1354448    .1732948
        SEXPVIC |  -.0104602   .0083765    -1.25   0.212    -.0268959    .0059755
        SHEADIN |   .0267776   .0201709     1.33   0.185    -.0128003    .0663554
        SREL149 |   .0284164   .0206049     1.38   0.168     -.012013    .0688459
         SDEM33 |  -.0092753   .0208635    -0.44   0.657    -.0502122    .0316615
         SDEM42 |  -.0040519   .0234039    -0.17   0.863    -.0499732    .0418694
        SCADPRE |  -.0035794   .0047697    -0.75   0.453    -.0129382    .0057794
         SDEM49 |  -.0290441   .0204554    -1.42   0.156    -.0691801    .0110919
          SROUT |   .0236226   .0122969     1.92   0.055    -.0005056    .0477507
        SPRINFL |   .0023991   .0125089     0.19   0.848    -.0221449    .0269431
        SSOCAP2 |   .0432458   .0197441     2.19   0.029     .0045055    .0819861
        SNEISOC |  -.0047272   .0147805    -0.32   0.749    -.0337284    .0242741
        SMORDIS |   .0039366   .0267439     0.15   0.883    -.0485381    .0564114
        SMOTSUC |     .00921    .018026     0.51   0.610    -.0261593    .0445793
        SSUPAGG |  -.0107787    .011939    -0.90   0.367    -.0342045    .0126472
        SAGGOFF |   .0012409   .0269714     0.05   0.963    -.0516803    .0541621
       SNEARPRO |  -.0185082   .0092432    -2.00   0.045    -.0366444    -.000372
        SINCOFF |   .0012126   .0226306     0.05   0.957    -.0431915    .0456167
       SDRUGOFF |  -.0083567   .0225909    -0.37   0.712    -.0526828    .0359694
        SIMPULS |   .0285666   .0126094     2.27   0.024     .0038255    .0533077
        SFUTURE |   .0227375   .0184274     1.23   0.218    -.0134192    .0588943
        SMEDSEV |   .0134426   .0223112     0.60   0.547    -.0303348      .05722
        SCONSID |  -.0124683   .0100028    -1.25   0.213    -.0320949    .0071584
        SSOCCST |  -.0164281   .0116649    -1.41   0.159    -.0393162      .00646
          _cons |   .8606377   .2057974     4.18   0.000     .4568379    1.264438
---------------------------------------------------------------------------------

. 
. svy: poisson DEP_avg ib1.TRANSFER
(running poisson on estimation sample)

Survey: Poisson regression

Number of strata =     1                          Number of obs   =      1,171
Number of PSUs   = 1,171                          Population size = 6,489.6684
                                                  Design df       =      1,170
                                                  F(2, 1169)      =       4.89
                                                  Prob > F        =     0.0077

------------------------------------------------------------------------------
             |             Linearized
     DEP_avg | Coefficient  std. err.      t    P>|t|     [95% conf. interval]
-------------+----------------------------------------------------------------
    TRANSFER |
          0  |  -.2652924   .0982689    -2.70   0.007    -.4580953   -.0724895
          2  |  -.0848316   .1134364    -0.75   0.455    -.3073931    .1377299
             |
       _cons |  -.8374089   .0881417    -9.50   0.000    -1.010342   -.6644755
------------------------------------------------------------------------------

. svy: poisson DEP_avg ib1.TRANSFER $cov
(running poisson on estimation sample)

Survey: Poisson regression

Number of strata =     1                          Number of obs   =      1,100
Number of PSUs   = 1,100                          Population size = 6,118.8223
                                                  Design df       =      1,099
                                                  F(35, 1065)     =       3.22
                                                  Prob > F        =     0.0000

---------------------------------------------------------------------------------
                |             Linearized
        DEP_avg | Coefficient  std. err.      t    P>|t|     [95% conf. interval]
----------------+----------------------------------------------------------------
       TRANSFER |
             0  |  -.2394837   .1129127    -2.12   0.034    -.4610325   -.0179349
             2  |  -.1270445   .1332473    -0.95   0.341    -.3884923    .1344033
                |
          SSITE |  -.2872611   .2159364    -1.33   0.184    -.7109553    .1364331
           SAGE |  -.0217361   .0765473    -0.28   0.776    -.1719316    .1284593
         SSGEND |    -.08016   .1911067    -0.42   0.675    -.4551352    .2948152
                |
        SETHN_R |
      2. Black  |  -.1322588   .2304417    -0.57   0.566    -.5844142    .3198966
   3. Hispanic  |   .0149841   .1976382     0.08   0.940    -.3728068    .4027749
      4. Other  |   .4352086   .2645216     1.65   0.100    -.0838159    .9542331
                |
        SPAEDUC |  -.0661545   .0826186    -0.80   0.423    -.2282625    .0959534
        SREL198 |  -.1282066    .175534    -0.73   0.465    -.4726263    .2162131
AGE_1_PRI_B4_BL |   .1604123   .0451073     3.56   0.000     .0719062    .2489184
        SSROPRV |   .7935872   .5047916     1.57   0.116    -.1968769    1.784051
        SEXPVIC |   .0111535   .0591259     0.19   0.850    -.1048589     .127166
        SHEADIN |   .0959804   .1407459     0.68   0.495    -.1801807    .3721416
        SREL149 |  -.2914133   .1513144    -1.93   0.054    -.5883111    .0054845
         SDEM33 |   .2033064   .1634917     1.24   0.214    -.1174847    .5240975
         SDEM42 |  -.1681787    .188427    -0.89   0.372     -.537896    .2015386
        SCADPRE |  -.0331406   .0321686    -1.03   0.303    -.0962595    .0299782
         SDEM49 |   .1951546   .1577458     1.24   0.216    -.1143623    .5046716
          SROUT |  -.1717382   .0928693    -1.85   0.065    -.3539594     .010483
        SPRINFL |  -.1091483   .0985692    -1.11   0.268    -.3025534    .0842568
        SSOCAP2 |   -.379441   .1525183    -2.49   0.013    -.6787009   -.0801812
        SNEISOC |   .2623421    .091216     2.88   0.004      .083365    .4413193
        SMORDIS |   .3481974   .1898169     1.83   0.067    -.0242471    .7206418
        SMOTSUC |  -.0571613   .1284159    -0.45   0.656    -.3091293    .1948068
        SSUPAGG |   .1492516   .0965508     1.55   0.122    -.0401931    .3386963
        SAGGOFF |   .1278157   .2705149     0.47   0.637    -.4029684    .6585997
       SNEARPRO |     .05572    .068577     0.81   0.417    -.0788366    .1902767
        SINCOFF |   .0893776   .1887026     0.47   0.636    -.2808805    .4596356
       SDRUGOFF |  -.0622383    .173606    -0.36   0.720     -.402875    .2783983
        SIMPULS |  -.1704044   .0855068    -1.99   0.047    -.3381794   -.0026293
        SFUTURE |   .1068386   .1360616     0.79   0.432    -.1601313    .3738084
        SMEDSEV |   .2737619   .1783661     1.53   0.125    -.0762147    .6237385
        SCONSID |   .1072126   .0869892     1.23   0.218    -.0634711    .2778964
        SSOCCST |   .1397002   .0911835     1.53   0.126    -.0392133    .3186137
          _cons |  -2.916905    1.45577    -2.00   0.045    -5.773306   -.0605028
---------------------------------------------------------------------------------

. 
. svy: poisson ANX_avg ib1.TRANSFER
(running poisson on estimation sample)

Survey: Poisson regression

Number of strata =     1                          Number of obs   =      1,171
Number of PSUs   = 1,171                          Population size = 6,489.6684
                                                  Design df       =      1,170
                                                  F(2, 1169)      =       5.67
                                                  Prob > F        =     0.0035

------------------------------------------------------------------------------
             |             Linearized
     ANX_avg | Coefficient  std. err.      t    P>|t|     [95% conf. interval]
-------------+----------------------------------------------------------------
    TRANSFER |
          0  |  -.3228558   .0960407    -3.36   0.001    -.5112871   -.1344246
          2  |   -.275048   .1230745    -2.23   0.026    -.5165194   -.0335765
             |
       _cons |  -.9673892   .0852323   -11.35   0.000    -1.134614   -.8001639
------------------------------------------------------------------------------

. svy: poisson ANX_avg ib1.TRANSFER $cov
(running poisson on estimation sample)

Survey: Poisson regression

Number of strata =     1                          Number of obs   =      1,100
Number of PSUs   = 1,100                          Population size = 6,118.8223
                                                  Design df       =      1,099
                                                  F(35, 1065)     =       3.09
                                                  Prob > F        =     0.0000

---------------------------------------------------------------------------------
                |             Linearized
        ANX_avg | Coefficient  std. err.      t    P>|t|     [95% conf. interval]
----------------+----------------------------------------------------------------
       TRANSFER |
             0  |  -.3875493   .1237017    -3.13   0.002    -.6302674   -.1448311
             2  |  -.3200067   .1459189    -2.19   0.029    -.6063179   -.0336955
                |
          SSITE |  -.0611096   .2215671    -0.28   0.783    -.4958519    .3736327
           SAGE |   .0262067   .0785711     0.33   0.739    -.1279595    .1803729
         SSGEND |  -.1473783   .2374577    -0.62   0.535       -.6133    .3185433
                |
        SETHN_R |
      2. Black  |  -.1631299   .2515676    -0.65   0.517    -.6567368    .3304771
   3. Hispanic  |   -.187624   .2103681    -0.89   0.373    -.6003924    .2251444
      4. Other  |     .29761   .3080024     0.97   0.334    -.3067291    .9019491
                |
        SPAEDUC |  -.0069285   .0795501    -0.09   0.931    -.1630158    .1491589
        SREL198 |  -.2055116   .1748602    -1.18   0.240    -.5486092     .137586
AGE_1_PRI_B4_BL |   .1562951   .0444917     3.51   0.000     .0689969    .2435934
        SSROPRV |   .4585901   .5282412     0.87   0.386     -.577885    1.495065
        SEXPVIC |  -.0201968   .0555313    -0.36   0.716    -.1291561    .0887625
        SHEADIN |   .1553757   .1506027     1.03   0.302    -.1401255     .450877
        SREL149 |  -.2179136   .1510275    -1.44   0.149    -.5142483    .0784211
         SDEM33 |   .1982948   .1600576     1.24   0.216    -.1157582    .5123477
         SDEM42 |  -.0838542   .1864315    -0.45   0.653     -.449656    .2819477
        SCADPRE |  -.0072778    .036015    -0.20   0.840    -.0779438    .0633882
         SDEM49 |   .0506862   .1651242     0.31   0.759     -.273308    .3746805
          SROUT |  -.1371368    .118738    -1.15   0.248    -.3701155     .095842
        SPRINFL |  -.0303967   .0949496    -0.32   0.749    -.2166998    .1559064
        SSOCAP2 |  -.2786982   .1505923    -1.85   0.064    -.5741791    .0167828
        SNEISOC |   .2772315   .0951156     2.91   0.004     .0906028    .4638602
        SMORDIS |   .2974235   .1961195     1.52   0.130    -.0873874    .6822344
        SMOTSUC |   .0973081   .1465635     0.66   0.507    -.1902678    .3848839
        SSUPAGG |   .1212369   .1040155     1.17   0.244    -.0828544    .3253282
        SAGGOFF |   .1427426   .2251502     0.63   0.526    -.2990301    .5845154
       SNEARPRO |   .0447136   .0684027     0.65   0.513    -.0895011    .1789282
        SINCOFF |   .2198948   .1844616     1.19   0.233    -.1420419    .5818315
       SDRUGOFF |  -.2596201   .1771492    -1.47   0.143    -.6072089    .0879687
        SIMPULS |  -.1884396   .0937003    -2.01   0.045    -.3722914   -.0045878
        SFUTURE |   .0546654   .1353679     0.40   0.686    -.2109432    .3202741
        SMEDSEV |   .2637613   .2122765     1.24   0.214    -.1527517    .6802743
        SCONSID |   .2033478   .0841293     2.42   0.016     .0382757      .36842
        SSOCCST |  -.0018962   .0826903    -0.02   0.982    -.1641449    .1603524
          _cons |  -4.550887   1.558553    -2.92   0.004    -7.608963   -1.492811
---------------------------------------------------------------------------------

. 
.         *Transformed values
.         svy: poisson sqrt_DEP_avg ib1.TRANSFER
(running poisson on estimation sample)

Survey: Poisson regression

Number of strata =     1                          Number of obs   =      1,171
Number of PSUs   = 1,171                          Population size = 6,489.6684
                                                  Design df       =      1,170
                                                  F(2, 1169)      =       3.77
                                                  Prob > F        =     0.0234

------------------------------------------------------------------------------
             |             Linearized
sqrt_DEP_avg | Coefficient  std. err.      t    P>|t|     [95% conf. interval]
-------------+----------------------------------------------------------------
    TRANSFER |
          0  |  -.1055071   .0608285    -1.73   0.083    -.2248522     .013838
          2  |   .0241221   .0706447     0.34   0.733    -.1144824    .1627265
             |
       _cons |  -.6635151   .0544817   -12.18   0.000    -.7704079   -.5566224
------------------------------------------------------------------------------

.         svy: poisson sqrt_DEP_avg ib1.TRANSFER $cov
(running poisson on estimation sample)

Survey: Poisson regression

Number of strata =     1                          Number of obs   =      1,100
Number of PSUs   = 1,100                          Population size = 6,118.8223
                                                  Design df       =      1,099
                                                  F(35, 1065)     =       3.61
                                                  Prob > F        =     0.0000

---------------------------------------------------------------------------------
                |             Linearized
   sqrt_DEP_avg | Coefficient  std. err.      t    P>|t|     [95% conf. interval]
----------------+----------------------------------------------------------------
       TRANSFER |
             0  |   -.091044      .0705    -1.29   0.197    -.2293739    .0472858
             2  |   .0108487   .0808334     0.13   0.893    -.1477565    .1694538
                |
          SSITE |  -.1440292   .1282287    -1.12   0.262      -.39563    .1075716
           SAGE |   .0507309   .0499104     1.02   0.310    -.0471995    .1486613
         SSGEND |  -.0885511   .1274055    -0.70   0.487    -.3385366    .1614344
                |
        SETHN_R |
      2. Black  |  -.0292551   .1425631    -0.21   0.837    -.3089818    .2504716
   3. Hispanic  |   .0597611    .127771     0.47   0.640    -.1909415    .3104636
      4. Other  |   .3644528   .1507985     2.42   0.016     .0685674    .6603383
                |
        SPAEDUC |  -.0391612    .052715    -0.74   0.458    -.1425946    .0642722
        SREL198 |  -.1066727   .1030982    -1.03   0.301    -.3089642    .0956189
AGE_1_PRI_B4_BL |    .087833   .0264192     3.32   0.001     .0359952    .1396708
        SSROPRV |   .7146454   .3228719     2.21   0.027     .0811304    1.348161
        SEXPVIC |   .0048143   .0391218     0.12   0.902    -.0719476    .0815762
        SHEADIN |   .0962537   .0881195     1.09   0.275    -.0766478    .2691552
        SREL149 |  -.1624567   .0959625    -1.69   0.091    -.3507472    .0258338
         SDEM33 |   .1085041   .1002757     1.08   0.279    -.0882493    .3052576
         SDEM42 |  -.1032996   .1145344    -0.90   0.367    -.3280303    .1214311
        SCADPRE |  -.0311158   .0202894    -1.53   0.125    -.0709262    .0086946
         SDEM49 |   .0760146   .0995363     0.76   0.445     -.119288    .2713173
          SROUT |  -.1124025   .0614209    -1.83   0.068     -.232918     .008113
        SPRINFL |  -.0237923   .0572409    -0.42   0.678    -.1361061    .0885216
        SSOCAP2 |  -.1355063   .0892775    -1.52   0.129    -.3106799    .0396672
        SNEISOC |   .1647927   .0628806     2.62   0.009     .0414131    .2881724
        SMORDIS |   .1564008   .1233828     1.27   0.205    -.0856917    .3984934
        SMOTSUC |  -.0071454   .0766949    -0.09   0.926    -.1576304    .1433396
        SSUPAGG |   .0845874   .0643786     1.31   0.189    -.0417314    .2109063
        SAGGOFF |   .1118369   .1569911     0.71   0.476    -.1961993    .4198731
       SNEARPRO |   .0557142   .0410362     1.36   0.175     -.024804    .1362324
        SINCOFF |   .0456529    .120108     0.38   0.704    -.1900141    .2813198
       SDRUGOFF |   .0250642   .1099136     0.23   0.820    -.1906001    .2407285
        SIMPULS |   -.059699   .0582278    -1.03   0.305    -.1739491    .0545512
        SFUTURE |   .0128383   .0869507     0.15   0.883    -.1577698    .1834464
        SMEDSEV |   .1727929   .1086758     1.59   0.112    -.0404427    .3860284
        SCONSID |   .0720229   .0561781     1.28   0.200    -.0382055    .1822513
        SSOCCST |   .0719448   .0600594     1.20   0.231    -.0458993    .1897888
          _cons |  -3.106614   .9750656    -3.19   0.001    -5.019815   -1.193414
---------------------------------------------------------------------------------

. 
.         svy: poisson sqrt_ANX_avg ib1.TRANSFER
(running poisson on estimation sample)

Survey: Poisson regression

Number of strata =     1                          Number of obs   =      1,171
Number of PSUs   = 1,171                          Population size = 6,489.6684
                                                  Design df       =      1,170
                                                  F(2, 1169)      =       4.26
                                                  Prob > F        =     0.0143

------------------------------------------------------------------------------
             |             Linearized
sqrt_ANX_avg | Coefficient  std. err.      t    P>|t|     [95% conf. interval]
-------------+----------------------------------------------------------------
    TRANSFER |
          0  |  -.1607794   .0552265    -2.91   0.004    -.2691334   -.0524254
          2  |  -.1376249   .0690059    -1.99   0.046     -.273014   -.0022359
             |
       _cons |  -.6882089   .0487297   -14.12   0.000    -.7838163   -.5926015
------------------------------------------------------------------------------

.         svy: poisson sqrt_ANX_avg ib1.TRANSFER $cov
(running poisson on estimation sample)

Survey: Poisson regression

Number of strata =     1                          Number of obs   =      1,100
Number of PSUs   = 1,100                          Population size = 6,118.8223
                                                  Design df       =      1,099
                                                  F(35, 1065)     =       3.09
                                                  Prob > F        =     0.0000

---------------------------------------------------------------------------------
                |             Linearized
   sqrt_ANX_avg | Coefficient  std. err.      t    P>|t|     [95% conf. interval]
----------------+----------------------------------------------------------------
       TRANSFER |
             0  |  -.1899193   .0688335    -2.76   0.006    -.3249792   -.0548593
             2  |  -.1661886   .0809091    -2.05   0.040    -.3249424   -.0074349
                |
          SSITE |  -.0061623   .1219499    -0.05   0.960    -.2454432    .2331187
           SAGE |   .0721425   .0450999     1.60   0.110    -.0163492    .1606343
         SSGEND |  -.1252155   .1247502    -1.00   0.316     -.369991      .11956
                |
        SETHN_R |
      2. Black  |  -.0674297   .1387433    -0.49   0.627    -.3396615     .204802
   3. Hispanic  |   -.026135   .1168698    -0.22   0.823    -.2554482    .2031781
      4. Other  |   .2130924   .1876358     1.14   0.256    -.1550725    .5812573
                |
        SPAEDUC |  -.0297057   .0451254    -0.66   0.510    -.1182473    .0588359
        SREL198 |  -.1186028   .0957884    -1.24   0.216    -.3065516     .069346
AGE_1_PRI_B4_BL |   .0727491   .0245168     2.97   0.003      .024644    .1208542
        SSROPRV |   .2249684   .3222112     0.70   0.485    -.4072503     .857187
        SEXPVIC |  -.0143197   .0347643    -0.41   0.680    -.0825316    .0538922
        SHEADIN |   .1366344   .0837445     1.63   0.103    -.0276828    .3009516
        SREL149 |  -.1158552   .0856273    -1.35   0.176    -.2838665    .0521562
         SDEM33 |   .1542062   .0928311     1.66   0.097      -.02794    .3363524
         SDEM42 |  -.0418211   .1004137    -0.42   0.677    -.2388453    .1552031
        SCADPRE |   .0089154   .0246048     0.36   0.717    -.0393623    .0571931
         SDEM49 |  -.0120984   .0930666    -0.13   0.897    -.1947066    .1705098
          SROUT |  -.0694155   .0641658    -1.08   0.280    -.1953168    .0564857
        SPRINFL |  -.0094981   .0591753    -0.16   0.873    -.1256075    .1066113
        SSOCAP2 |  -.1071206   .0847011    -1.26   0.206    -.2733149    .0590736
        SNEISOC |   .1488411   .0581943     2.56   0.011     .0346566    .2630255
        SMORDIS |   .1683617   .1261047     1.34   0.182    -.0790715     .415795
        SMOTSUC |   .0872935   .0788629     1.11   0.269    -.0674454    .2420324
        SSUPAGG |   .0329764   .0575827     0.57   0.567    -.0800081    .1459609
        SAGGOFF |   .0671584   .1219411     0.55   0.582    -.1721052     .306422
       SNEARPRO |   .0301011   .0396149     0.76   0.448    -.0476284    .1078305
        SINCOFF |   .1728737   .1080779     1.60   0.110    -.0391886    .3849361
       SDRUGOFF |   -.140331   .0972229    -1.44   0.149    -.3310945    .0504326
        SIMPULS |   -.094181   .0536766    -1.75   0.080    -.1995012    .0111393
        SFUTURE |   -.021834    .081092    -0.27   0.788    -.1809467    .1372786
        SMEDSEV |   .1591052    .107839     1.48   0.140    -.0524883    .3706987
        SCONSID |   .1151095   .0481598     2.39   0.017      .020614     .209605
        SSOCCST |  -.0020873   .0486726    -0.04   0.966     -.097589    .0934145
          _cons |  -3.464213   .9353277    -3.70   0.000    -5.299442   -1.628983
---------------------------------------------------------------------------------

. 
. log close 
      name:  <unnamed>
       log:  D:\Papers\Health and Waiver\Log Output\SECTION 7 - Poission Distributions_Unweighted.log
  log type:  text
 closed on:  26 May 2025, 17:06:15
-----------------------------------------------------------------------------------------------------------------------------------------------------
